
ROM used: 4052 (12%)
          4052 (12%) including unused fragments

          2 Average locations per line
          7 Average locations per statement

RAM used: 520 (25%) at main() level
          537 (26%) worst case

Stack used: 3 worst case (out of 31 total available)

Lines Stmts  %   Files
----- ----- ---  -----
   36    20   4  main.c
  392     0   0  ..\..\..\..\..\..\..\Program Files (x86)\PICC\devices\18F2550.h
  409    60  11  PCD8544.c
   55     0   0  PCD8544.h
 1273   359  64  ..\..\..\..\..\..\..\Program Files (x86)\PICC\drivers\stdlib.h
   28     0   0  ..\..\..\..\..\..\..\Program Files (x86)\PICC\drivers\stddef.h
  409   121  22  ..\..\..\..\..\..\..\Program Files (x86)\PICC\drivers\string.h
   28     0   0  ..\..\..\..\..\..\..\Program Files (x86)\PICC\drivers\ctype.h
----- -----
 2630   560 Total

Page ROM  %  RAM   Vol Diff  Functions:
---- --- --- ---   --- ----  ----------
0     40   0   1             @delay_ms1
0   1294  16   0             @const367
0     90   1   3   319  3.8  PCD_begin
0     20   0   1    78  1.3  PCD_command
0     48   1   2   136  3.1  PCD_setContrast
0     48   1   4   118  4.2  PCD_clearDisplay
0    176   2   8   462  6.6  PCD_display
0     34   0   5             @MUL1616
0     44   1   2   201  4.1  PCD_spiWrite
0    256   3   9   373  6.1  PCD_drawChart
0     18   0   4    57  2.2  PCD_setCursor
0   1592  20   1   538  3.3  MAIN
0     10   0   0             @const382
0     32   0   2             @PSTRINGC_92
0     10   0   0             @const384
0     42   1   3             @PSTRINGCN_92
0     44   1   3             @DIV88
0    224   3   6             @PRINTF_D_92
0     12   0   0             @const393
0     14   0   0             @const394

Program metrics:
    Functions               9
    Statements              560
    Comments                915
    Volume (V)              3592
    Difficilty (D)          33.2
    Effort to implement (E) 119284
    Time to implement (T)   1 hours, 50 minutes
    Est Delivered Bugs (B)  1
    Cyclomatic Complexity   9
    Maintainability (MI)    77

 Segment     Used  Free
-----------  ----  ----
00000-00002     4  0  
00004-07FFE  4048  28716  



